2019-08-06 08:28:11 [main] INFO  c.s.keepnote.UserServiceApplication -
				Starting UserServiceApplication on ip-172-31-91-238 with PID 5409 (/home/ubuntu/final_fse/KeepNote-Step7-Boilerplate/UserService/target/classes started by ubuntu in /home/ubuntu/final_fse/KeepNote-Step7-Boilerplate/UserService)
2019-08-06 08:28:11 [main] INFO  c.s.keepnote.UserServiceApplication -
				No active profile set, falling back to default profiles: default
2019-08-06 08:28:12 [main] INFO  o.s.b.w.s.c.AnnotationConfigServletWebServerApplicationContext -
				Refreshing org.springframework.boot.web.servlet.context.AnnotationConfigServletWebServerApplicationContext@3754a4bf: startup date [Tue Aug 06 08:28:12 UTC 2019]; root of context hierarchy
2019-08-06 08:28:13 [main] INFO  o.s.b.w.e.tomcat.TomcatWebServer -
				Tomcat initialized with port(s): 8080 (http)
2019-08-06 08:28:13 [main] INFO  o.a.coyote.http11.Http11NioProtocol -
				Initializing ProtocolHandler ["http-nio-8080"]
2019-08-06 08:28:13 [main] INFO  o.a.catalina.core.StandardService -
				Starting service [Tomcat]
2019-08-06 08:28:13 [main] INFO  o.a.catalina.core.StandardEngine -
				Starting Servlet Engine: Apache Tomcat/8.5.31
2019-08-06 08:28:13 [localhost-startStop-1] INFO  o.a.c.core.AprLifecycleListener -
				The APR based Apache Tomcat Native library which allows optimal performance in production environments was not found on the java.library.path: [/usr/java/packages/lib/amd64:/usr/lib/x86_64-linux-gnu/jni:/lib/x86_64-linux-gnu:/usr/lib/x86_64-linux-gnu:/usr/lib/jni:/lib:/usr/lib]
2019-08-06 08:28:13 [localhost-startStop-1] INFO  o.a.c.c.C.[Tomcat].[localhost].[/] -
				Initializing Spring embedded WebApplicationContext
2019-08-06 08:28:13 [localhost-startStop-1] INFO  o.s.web.context.ContextLoader -
				Root WebApplicationContext: initialization completed in 1224 ms
2019-08-06 08:28:13 [localhost-startStop-1] INFO  o.s.b.w.s.FilterRegistrationBean -
				Mapping filter: 'characterEncodingFilter' to: [/*]
2019-08-06 08:28:13 [localhost-startStop-1] INFO  o.s.b.w.s.FilterRegistrationBean -
				Mapping filter: 'hiddenHttpMethodFilter' to: [/*]
2019-08-06 08:28:13 [localhost-startStop-1] INFO  o.s.b.w.s.FilterRegistrationBean -
				Mapping filter: 'httpPutFormContentFilter' to: [/*]
2019-08-06 08:28:13 [localhost-startStop-1] INFO  o.s.b.w.s.FilterRegistrationBean -
				Mapping filter: 'requestContextFilter' to: [/*]
2019-08-06 08:28:13 [localhost-startStop-1] INFO  o.s.b.w.s.DelegatingFilterProxyRegistrationBean -
				Mapping filter: 'springSecurityFilterChain' to: [/*]
2019-08-06 08:28:13 [localhost-startStop-1] INFO  o.s.b.w.s.FilterRegistrationBean -
				Mapping filter: 'jwtFilter' to urls: [/*]
2019-08-06 08:28:13 [localhost-startStop-1] INFO  o.s.b.w.s.ServletRegistrationBean -
				Servlet dispatcherServlet mapped to [/]
2019-08-06 08:28:13 [main] INFO  org.mongodb.driver.cluster -
				Cluster created with settings {hosts=[localhost:27017], mode=MULTIPLE, requiredClusterType=UNKNOWN, serverSelectionTimeout='30000 ms', maxWaitQueueSize=500}
2019-08-06 08:28:13 [main] INFO  org.mongodb.driver.cluster -
				Adding discovered server localhost:27017 to client view of cluster
2019-08-06 08:28:13 [cluster-ClusterId{value='5d493a1d429e34152174ed1b', description='null'}-localhost:27017] INFO  org.mongodb.driver.connection -
				Opened connection [connectionId{localValue:1, serverValue:5}] to localhost:27017
2019-08-06 08:28:13 [cluster-ClusterId{value='5d493a1d429e34152174ed1b', description='null'}-localhost:27017] INFO  org.mongodb.driver.cluster -
				Monitor thread successfully connected to server with description ServerDescription{address=localhost:27017, type=STANDALONE, state=CONNECTED, ok=true, version=ServerVersion{versionList=[3, 6, 2]}, minWireVersion=0, maxWireVersion=6, maxDocumentSize=16777216, logicalSessionTimeoutMinutes=30, roundTripTimeNanos=2128970}
2019-08-06 08:28:13 [cluster-ClusterId{value='5d493a1d429e34152174ed1b', description='null'}-localhost:27017] INFO  org.mongodb.driver.cluster -
				Discovered cluster type of STANDALONE
2019-08-06 08:28:14 [main] INFO  o.s.b.a.s.s.UserDetailsServiceAutoConfiguration -
				

Using generated security password: 7b1c7d6f-a68e-4b0d-bc9f-8f5b12568051

2019-08-06 08:28:14 [main] INFO  o.s.w.s.h.SimpleUrlHandlerMapping -
				Mapped URL path [/**/favicon.ico] onto handler of type [class org.springframework.web.servlet.resource.ResourceHttpRequestHandler]
2019-08-06 08:28:14 [main] INFO  o.s.w.s.m.m.a.RequestMappingHandlerMapping -
				Mapped "{[/api/v1/user/delete/{userid}],methods=[POST],consumes=[application/json],produces=[application/json]}" onto public java.lang.String com.stackroute.keepnote.controller.UserController.deleteUser(java.lang.String) throws com.stackroute.keepnote.exceptions.UserNotFoundException
2019-08-06 08:28:14 [main] INFO  o.s.w.s.m.m.a.RequestMappingHandlerMapping -
				Mapped "{[/api/v1/user/{userid}],methods=[GET],consumes=[application/json],produces=[application/json]}" onto public com.stackroute.keepnote.model.User com.stackroute.keepnote.controller.UserController.getUser(java.lang.String) throws com.stackroute.keepnote.exceptions.UserNotFoundException
2019-08-06 08:28:14 [main] INFO  o.s.w.s.m.m.a.RequestMappingHandlerMapping -
				Mapped "{[/api/v1/user/update/{userid}],methods=[POST],consumes=[application/json],produces=[application/json]}" onto public com.stackroute.keepnote.model.User com.stackroute.keepnote.controller.UserController.updateUser(com.stackroute.keepnote.model.User,java.lang.String) throws com.stackroute.keepnote.exceptions.UserNotFoundException
2019-08-06 08:28:14 [main] INFO  o.s.w.s.m.m.a.RequestMappingHandlerMapping -
				Mapped "{[/api/v1/user/register],methods=[POST],consumes=[application/json],produces=[application/json]}" onto public com.stackroute.keepnote.model.User com.stackroute.keepnote.controller.UserController.registerUser(com.stackroute.keepnote.model.User) throws com.stackroute.keepnote.exceptions.UserAlreadyExistsException
2019-08-06 08:28:14 [main] INFO  o.s.w.s.m.m.a.RequestMappingHandlerMapping -
				Mapped "{[/error],produces=[text/html]}" onto public org.springframework.web.servlet.ModelAndView org.springframework.boot.autoconfigure.web.servlet.error.BasicErrorController.errorHtml(javax.servlet.http.HttpServletRequest,javax.servlet.http.HttpServletResponse)
2019-08-06 08:28:14 [main] INFO  o.s.w.s.m.m.a.RequestMappingHandlerMapping -
				Mapped "{[/error]}" onto public org.springframework.http.ResponseEntity<java.util.Map<java.lang.String, java.lang.Object>> org.springframework.boot.autoconfigure.web.servlet.error.BasicErrorController.error(javax.servlet.http.HttpServletRequest)
2019-08-06 08:28:14 [main] INFO  o.s.w.s.h.SimpleUrlHandlerMapping -
				Mapped URL path [/webjars/**] onto handler of type [class org.springframework.web.servlet.resource.ResourceHttpRequestHandler]
2019-08-06 08:28:14 [main] INFO  o.s.w.s.h.SimpleUrlHandlerMapping -
				Mapped URL path [/**] onto handler of type [class org.springframework.web.servlet.resource.ResourceHttpRequestHandler]
2019-08-06 08:28:14 [main] INFO  o.s.s.web.DefaultSecurityFilterChain -
				Creating filter chain: org.springframework.security.web.util.matcher.AnyRequestMatcher@1, [org.springframework.security.web.context.request.async.WebAsyncManagerIntegrationFilter@10fda3d0, org.springframework.security.web.context.SecurityContextPersistenceFilter@10cd6753, org.springframework.security.web.header.HeaderWriterFilter@5633dafd, org.springframework.web.filter.CorsFilter@2123064f, org.springframework.security.web.authentication.logout.LogoutFilter@3e15bb06, org.springframework.security.web.savedrequest.RequestCacheAwareFilter@47af099e, org.springframework.security.web.servletapi.SecurityContextHolderAwareRequestFilter@319c3a25, org.springframework.security.web.authentication.AnonymousAuthenticationFilter@4f6b687e, org.springframework.security.web.session.SessionManagementFilter@d8d9199, org.springframework.security.web.access.ExceptionTranslationFilter@35cd68d4, org.springframework.security.web.access.intercept.FilterSecurityInterceptor@7a389761]
2019-08-06 08:28:14 [main] INFO  o.s.w.s.m.m.a.RequestMappingHandlerAdapter -
				Looking for @ControllerAdvice: org.springframework.boot.web.servlet.context.AnnotationConfigServletWebServerApplicationContext@3754a4bf: startup date [Tue Aug 06 08:28:12 UTC 2019]; root of context hierarchy
2019-08-06 08:28:14 [main] INFO  o.s.w.s.m.m.a.ExceptionHandlerExceptionResolver -
				Detected @ExceptionHandler methods in exceptionHandlerAdvice
2019-08-06 08:28:14 [main] INFO  o.s.j.e.a.AnnotationMBeanExporter -
				Registering beans for JMX exposure on startup
2019-08-06 08:28:14 [main] INFO  o.a.coyote.http11.Http11NioProtocol -
				Starting ProtocolHandler ["http-nio-8080"]
2019-08-06 08:28:14 [main] INFO  o.a.tomcat.util.net.NioSelectorPool -
				Using a shared selector for servlet write/read
2019-08-06 08:28:14 [main] INFO  o.s.b.w.e.tomcat.TomcatWebServer -
				Tomcat started on port(s): 8080 (http) with context path ''
2019-08-06 08:28:14 [main] INFO  c.s.keepnote.UserServiceApplication -
				Started UserServiceApplication in 3.197 seconds (JVM running for 3.914)
2019-08-06 09:28:31 [http-nio-8080-exec-1] INFO  o.a.c.c.C.[Tomcat].[localhost].[/] -
				Initializing Spring FrameworkServlet 'dispatcherServlet'
2019-08-06 09:28:31 [http-nio-8080-exec-1] INFO  o.s.web.servlet.DispatcherServlet -
				FrameworkServlet 'dispatcherServlet': initialization started
2019-08-06 09:28:31 [http-nio-8080-exec-1] INFO  o.s.web.servlet.DispatcherServlet -
				FrameworkServlet 'dispatcherServlet': initialization completed in 13 ms
2019-08-06 09:28:31 [http-nio-8080-exec-3] INFO  c.s.k.controller.UserController -
				calling service layer to store
2019-08-06 09:28:31 [http-nio-8080-exec-3] INFO  org.mongodb.driver.connection -
				Opened connection [connectionId{localValue:2, serverValue:9}] to localhost:27017
2019-08-06 09:28:31 [http-nio-8080-exec-3] INFO  c.s.keepnote.service.UserServiceImpl -
				com.stackroute.keepnote.exceptions.UserAlreadyExistsException :: user already exists exception
2019-08-06 09:28:31 [http-nio-8080-exec-3] INFO  c.s.k.controller.UserController -
				com.stackroute.keepnote.exceptions.UserAlreadyExistsException -- user already exists exception
2019-08-06 09:28:31 [http-nio-8080-exec-3] ERROR c.s.k.e.ExceptionHandlerAdvice -
				Exception type: class com.stackroute.keepnote.exceptions.UserAlreadyExistsException
2019-08-06 09:28:31 [http-nio-8080-exec-3] ERROR c.s.k.e.ExceptionHandlerAdvice -
				user already exists exception
2019-08-06 09:28:44 [http-nio-8080-exec-4] INFO  c.s.k.controller.UserController -
				calling service layer to store
2019-08-06 09:41:36 [http-nio-8080-exec-7] INFO  c.s.k.controller.UserController -
				calling service layer to store
2019-08-06 10:48:44 [cluster-ClusterId{value='5d493a1d429e34152174ed1b', description='null'}-localhost:27017] INFO  org.mongodb.driver.cluster -
				Exception in monitor thread while connecting to server localhost:27017
com.mongodb.MongoSocketOpenException: Exception opening socket
	at com.mongodb.connection.SocketStream.open(SocketStream.java:62)
	at com.mongodb.connection.InternalStreamConnection.open(InternalStreamConnection.java:126)
	at com.mongodb.connection.DefaultServerMonitor$ServerMonitorRunnable.run(DefaultServerMonitor.java:128)
	at java.lang.Thread.run(Thread.java:748)
Caused by: java.net.ConnectException: Connection refused (Connection refused)
	at java.net.PlainSocketImpl.socketConnect(Native Method)
	at java.net.AbstractPlainSocketImpl.doConnect(AbstractPlainSocketImpl.java:350)
	at java.net.AbstractPlainSocketImpl.connectToAddress(AbstractPlainSocketImpl.java:206)
	at java.net.AbstractPlainSocketImpl.connect(AbstractPlainSocketImpl.java:188)
	at java.net.SocksSocketImpl.connect(SocksSocketImpl.java:392)
	at java.net.Socket.connect(Socket.java:589)
	at com.mongodb.connection.SocketStreamHelper.initialize(SocketStreamHelper.java:59)
	at com.mongodb.connection.SocketStream.open(SocketStream.java:57)
	... 3 common frames omitted
2019-08-06 10:48:54 [cluster-ClusterId{value='5d493a1d429e34152174ed1b', description='null'}-localhost:27017] INFO  org.mongodb.driver.cluster -
				Exception in monitor thread while connecting to server localhost:27017
com.mongodb.MongoSocketReadException: Prematurely reached end of stream
	at com.mongodb.connection.SocketStream.read(SocketStream.java:87)
	at com.mongodb.connection.InternalStreamConnection.receiveResponseBuffers(InternalStreamConnection.java:547)
	at com.mongodb.connection.InternalStreamConnection.receiveMessage(InternalStreamConnection.java:418)
	at com.mongodb.connection.InternalStreamConnection.receiveCommandMessageResponse(InternalStreamConnection.java:290)
	at com.mongodb.connection.InternalStreamConnection.sendAndReceive(InternalStreamConnection.java:255)
	at com.mongodb.connection.CommandHelper.sendAndReceive(CommandHelper.java:84)
	at com.mongodb.connection.CommandHelper.executeCommand(CommandHelper.java:34)
	at com.mongodb.connection.InternalStreamConnectionInitializer.initializeConnectionDescription(InternalStreamConnectionInitializer.java:91)
	at com.mongodb.connection.InternalStreamConnectionInitializer.initialize(InternalStreamConnectionInitializer.java:51)
	at com.mongodb.connection.InternalStreamConnection.open(InternalStreamConnection.java:127)
	at com.mongodb.connection.DefaultServerMonitor$ServerMonitorRunnable.run(DefaultServerMonitor.java:114)
	at java.lang.Thread.run(Thread.java:748)
2019-08-06 10:49:04 [cluster-ClusterId{value='5d493a1d429e34152174ed1b', description='null'}-localhost:27017] INFO  org.mongodb.driver.cluster -
				Exception in monitor thread while connecting to server localhost:27017
com.mongodb.MongoSecurityException: Exception authenticating MongoCredential{mechanism=null, userName='app-root', source='userDb', password=<hidden>, mechanismProperties={}}
	at com.mongodb.connection.SaslAuthenticator.wrapException(SaslAuthenticator.java:162)
	at com.mongodb.connection.SaslAuthenticator.access$200(SaslAuthenticator.java:39)
	at com.mongodb.connection.SaslAuthenticator$1.run(SaslAuthenticator.java:68)
	at com.mongodb.connection.SaslAuthenticator$1.run(SaslAuthenticator.java:46)
	at com.mongodb.connection.SaslAuthenticator.doAsSubject(SaslAuthenticator.java:168)
	at com.mongodb.connection.SaslAuthenticator.authenticate(SaslAuthenticator.java:46)
	at com.mongodb.connection.DefaultAuthenticator.authenticate(DefaultAuthenticator.java:32)
	at com.mongodb.connection.InternalStreamConnectionInitializer.authenticateAll(InternalStreamConnectionInitializer.java:122)
	at com.mongodb.connection.InternalStreamConnectionInitializer.initialize(InternalStreamConnectionInitializer.java:52)
	at com.mongodb.connection.InternalStreamConnection.open(InternalStreamConnection.java:127)
	at com.mongodb.connection.DefaultServerMonitor$ServerMonitorRunnable.run(DefaultServerMonitor.java:114)
	at java.lang.Thread.run(Thread.java:748)
Caused by: com.mongodb.MongoCommandException: Command failed with error 18: 'Authentication failed.' on server localhost:27017. The full response is { "ok" : 0.0, "errmsg" : "Authentication failed.", "code" : 18, "codeName" : "AuthenticationFailed" }
	at com.mongodb.connection.ProtocolHelper.getCommandFailureException(ProtocolHelper.java:164)
	at com.mongodb.connection.InternalStreamConnection.receiveCommandMessageResponse(InternalStreamConnection.java:295)
	at com.mongodb.connection.InternalStreamConnection.sendAndReceive(InternalStreamConnection.java:255)
	at com.mongodb.connection.CommandHelper.sendAndReceive(CommandHelper.java:84)
	at com.mongodb.connection.CommandHelper.executeCommand(CommandHelper.java:34)
	at com.mongodb.connection.SaslAuthenticator.sendSaslStart(SaslAuthenticator.java:119)
	at com.mongodb.connection.SaslAuthenticator.access$000(SaslAuthenticator.java:39)
	at com.mongodb.connection.SaslAuthenticator$1.run(SaslAuthenticator.java:52)
	... 9 common frames omitted
2019-08-06 10:50:23 [RMI TCP Connection(2)-127.0.0.1] INFO  o.s.b.a.SpringApplicationAdminMXBeanRegistrar$SpringApplicationAdmin -
				Application shutdown requested.
2019-08-06 10:50:23 [RMI TCP Connection(2)-127.0.0.1] INFO  o.s.b.w.s.c.AnnotationConfigServletWebServerApplicationContext -
				Closing org.springframework.boot.web.servlet.context.AnnotationConfigServletWebServerApplicationContext@3754a4bf: startup date [Tue Aug 06 08:28:12 UTC 2019]; root of context hierarchy
2019-08-06 10:50:23 [RMI TCP Connection(2)-127.0.0.1] INFO  o.s.j.e.a.AnnotationMBeanExporter -
				Unregistering JMX-exposed beans on shutdown
2019-08-06 10:50:23 [RMI TCP Connection(2)-127.0.0.1] INFO  org.mongodb.driver.cluster -
				No server chosen by ReadPreferenceServerSelector{readPreference=ReadPreference{name=primaryPreferred}} from cluster description ClusterDescription{type=STANDALONE, connectionMode=MULTIPLE, serverDescriptions=[ServerDescription{address=localhost:27017, type=UNKNOWN, state=CONNECTING, exception={com.mongodb.MongoSecurityException: Exception authenticating MongoCredential{mechanism=null, userName='app-root', source='userDb', password=<hidden>, mechanismProperties={}}}, caused by {com.mongodb.MongoCommandException: Command failed with error 18: 'Authentication failed.' on server localhost:27017. The full response is { "ok" : 0.0, "errmsg" : "Authentication failed.", "code" : 18, "codeName" : "AuthenticationFailed" }}}]}. Waiting for 30000 ms before timing out
