2019-08-06 08:26:44 [main] INFO  c.s.k.CategoryServiceApplication -
				Starting CategoryServiceApplication on ip-172-31-91-238 with PID 5156 (/home/ubuntu/final_fse/KeepNote-Step7-Boilerplate/CategoryService/target/classes started by ubuntu in /home/ubuntu/final_fse/KeepNote-Step7-Boilerplate/CategoryService)
2019-08-06 08:26:44 [main] INFO  c.s.k.CategoryServiceApplication -
				No active profile set, falling back to default profiles: default
2019-08-06 08:26:44 [main] INFO  o.s.b.w.s.c.AnnotationConfigServletWebServerApplicationContext -
				Refreshing org.springframework.boot.web.servlet.context.AnnotationConfigServletWebServerApplicationContext@618b19ad: startup date [Tue Aug 06 08:26:44 UTC 2019]; root of context hierarchy
2019-08-06 08:26:46 [main] INFO  o.s.b.w.e.tomcat.TomcatWebServer -
				Tomcat initialized with port(s): 8083 (http)
2019-08-06 08:26:46 [main] INFO  o.a.coyote.http11.Http11NioProtocol -
				Initializing ProtocolHandler ["http-nio-8083"]
2019-08-06 08:26:46 [main] INFO  o.a.catalina.core.StandardService -
				Starting service [Tomcat]
2019-08-06 08:26:46 [main] INFO  o.a.catalina.core.StandardEngine -
				Starting Servlet Engine: Apache Tomcat/8.5.31
2019-08-06 08:26:46 [localhost-startStop-1] INFO  o.a.c.core.AprLifecycleListener -
				The APR based Apache Tomcat Native library which allows optimal performance in production environments was not found on the java.library.path: [/usr/java/packages/lib/amd64:/usr/lib/x86_64-linux-gnu/jni:/lib/x86_64-linux-gnu:/usr/lib/x86_64-linux-gnu:/usr/lib/jni:/lib:/usr/lib]
2019-08-06 08:26:46 [localhost-startStop-1] INFO  o.a.c.c.C.[Tomcat].[localhost].[/] -
				Initializing Spring embedded WebApplicationContext
2019-08-06 08:26:46 [localhost-startStop-1] INFO  o.s.web.context.ContextLoader -
				Root WebApplicationContext: initialization completed in 1749 ms
2019-08-06 08:26:46 [localhost-startStop-1] INFO  o.s.b.w.s.FilterRegistrationBean -
				Mapping filter: 'characterEncodingFilter' to: [/*]
2019-08-06 08:26:46 [localhost-startStop-1] INFO  o.s.b.w.s.FilterRegistrationBean -
				Mapping filter: 'hiddenHttpMethodFilter' to: [/*]
2019-08-06 08:26:46 [localhost-startStop-1] INFO  o.s.b.w.s.FilterRegistrationBean -
				Mapping filter: 'httpPutFormContentFilter' to: [/*]
2019-08-06 08:26:46 [localhost-startStop-1] INFO  o.s.b.w.s.FilterRegistrationBean -
				Mapping filter: 'requestContextFilter' to: [/*]
2019-08-06 08:26:46 [localhost-startStop-1] INFO  o.s.b.w.s.DelegatingFilterProxyRegistrationBean -
				Mapping filter: 'springSecurityFilterChain' to: [/*]
2019-08-06 08:26:46 [localhost-startStop-1] INFO  o.s.b.w.s.FilterRegistrationBean -
				Mapping filter: 'jwtFilter' to urls: [/*]
2019-08-06 08:26:46 [localhost-startStop-1] INFO  o.s.b.w.s.ServletRegistrationBean -
				Servlet dispatcherServlet mapped to [/]
2019-08-06 08:26:47 [main] INFO  org.mongodb.driver.cluster -
				Cluster created with settings {hosts=[localhost:27017], mode=MULTIPLE, requiredClusterType=UNKNOWN, serverSelectionTimeout='30000 ms', maxWaitQueueSize=500}
2019-08-06 08:26:47 [main] INFO  org.mongodb.driver.cluster -
				Adding discovered server localhost:27017 to client view of cluster
2019-08-06 08:26:47 [cluster-ClusterId{value='5d4939c7429e3414246882ca', description='null'}-localhost:27017] INFO  org.mongodb.driver.connection -
				Opened connection [connectionId{localValue:1, serverValue:1}] to localhost:27017
2019-08-06 08:26:47 [cluster-ClusterId{value='5d4939c7429e3414246882ca', description='null'}-localhost:27017] INFO  org.mongodb.driver.cluster -
				Monitor thread successfully connected to server with description ServerDescription{address=localhost:27017, type=STANDALONE, state=CONNECTED, ok=true, version=ServerVersion{versionList=[3, 6, 2]}, minWireVersion=0, maxWireVersion=6, maxDocumentSize=16777216, logicalSessionTimeoutMinutes=30, roundTripTimeNanos=9822704}
2019-08-06 08:26:47 [cluster-ClusterId{value='5d4939c7429e3414246882ca', description='null'}-localhost:27017] INFO  org.mongodb.driver.cluster -
				Discovered cluster type of STANDALONE
2019-08-06 08:26:47 [main] INFO  o.s.b.a.s.s.UserDetailsServiceAutoConfiguration -
				

Using generated security password: dd70a2c8-881d-4ba2-b924-ba9a3acd4957

2019-08-06 08:26:47 [main] INFO  o.s.w.s.h.SimpleUrlHandlerMapping -
				Mapped URL path [/**/favicon.ico] onto handler of type [class org.springframework.web.servlet.resource.ResourceHttpRequestHandler]
2019-08-06 08:26:47 [main] INFO  o.s.w.s.m.m.a.RequestMappingHandlerMapping -
				Mapped "{[/api/v1/category/update/{categoryId}],methods=[POST],consumes=[application/json],produces=[application/json]}" onto public com.stackroute.keepnote.model.Category com.stackroute.keepnote.controller.CategoryController.updateCategory(com.stackroute.keepnote.model.Category,java.lang.String) throws com.stackroute.keepnote.exception.CategoryNotFoundException
2019-08-06 08:26:47 [main] INFO  o.s.w.s.m.m.a.RequestMappingHandlerMapping -
				Mapped "{[/api/v1/category/{userId}/{categoryId}],methods=[GET],consumes=[application/json],produces=[application/json]}" onto public com.stackroute.keepnote.model.Category com.stackroute.keepnote.controller.CategoryController.getCategoryById(java.lang.String,java.lang.String) throws com.stackroute.keepnote.exception.CategoryNotFoundException
2019-08-06 08:26:47 [main] INFO  o.s.w.s.m.m.a.RequestMappingHandlerMapping -
				Mapped "{[/api/v1/category/{userId}],methods=[GET],consumes=[application/json],produces=[application/json]}" onto public java.util.List<com.stackroute.keepnote.model.Category> com.stackroute.keepnote.controller.CategoryController.getAllCategoriesByUserId(java.lang.String) throws com.stackroute.keepnote.exception.CategoryDoesNoteExistsException
2019-08-06 08:26:47 [main] INFO  o.s.w.s.m.m.a.RequestMappingHandlerMapping -
				Mapped "{[/api/v1/category/delete/{categoryId}],methods=[GET],consumes=[application/json],produces=[application/json]}" onto public java.lang.String com.stackroute.keepnote.controller.CategoryController.deleteCategory(java.lang.String) throws com.stackroute.keepnote.exception.CategoryDoesNoteExistsException
2019-08-06 08:26:47 [main] INFO  o.s.w.s.m.m.a.RequestMappingHandlerMapping -
				Mapped "{[/api/v1/category],methods=[POST],consumes=[application/json],produces=[application/json]}" onto public com.stackroute.keepnote.model.Category com.stackroute.keepnote.controller.CategoryController.createCategory(com.stackroute.keepnote.model.Category) throws com.stackroute.keepnote.exception.CategoryNotCreatedException
2019-08-06 08:26:47 [main] INFO  o.s.w.s.m.m.a.RequestMappingHandlerMapping -
				Mapped "{[/error],produces=[text/html]}" onto public org.springframework.web.servlet.ModelAndView org.springframework.boot.autoconfigure.web.servlet.error.BasicErrorController.errorHtml(javax.servlet.http.HttpServletRequest,javax.servlet.http.HttpServletResponse)
2019-08-06 08:26:47 [main] INFO  o.s.w.s.m.m.a.RequestMappingHandlerMapping -
				Mapped "{[/error]}" onto public org.springframework.http.ResponseEntity<java.util.Map<java.lang.String, java.lang.Object>> org.springframework.boot.autoconfigure.web.servlet.error.BasicErrorController.error(javax.servlet.http.HttpServletRequest)
2019-08-06 08:26:47 [main] INFO  o.s.w.s.h.SimpleUrlHandlerMapping -
				Mapped URL path [/webjars/**] onto handler of type [class org.springframework.web.servlet.resource.ResourceHttpRequestHandler]
2019-08-06 08:26:47 [main] INFO  o.s.w.s.h.SimpleUrlHandlerMapping -
				Mapped URL path [/**] onto handler of type [class org.springframework.web.servlet.resource.ResourceHttpRequestHandler]
2019-08-06 08:26:47 [main] INFO  o.s.s.web.DefaultSecurityFilterChain -
				Creating filter chain: org.springframework.security.web.util.matcher.AnyRequestMatcher@1, [org.springframework.security.web.context.request.async.WebAsyncManagerIntegrationFilter@14fa92af, org.springframework.security.web.context.SecurityContextPersistenceFilter@1a6cf771, org.springframework.security.web.header.HeaderWriterFilter@10f19647, org.springframework.web.filter.CorsFilter@b16e202, org.springframework.security.web.authentication.logout.LogoutFilter@3a543f31, org.springframework.security.web.savedrequest.RequestCacheAwareFilter@53ed09e8, org.springframework.security.web.servletapi.SecurityContextHolderAwareRequestFilter@8a2a6a, org.springframework.security.web.authentication.AnonymousAuthenticationFilter@339a3670, org.springframework.security.web.session.SessionManagementFilter@2d82408, org.springframework.security.web.access.ExceptionTranslationFilter@62573c86, org.springframework.security.web.access.intercept.FilterSecurityInterceptor@3c0bbc9f]
2019-08-06 08:26:48 [main] INFO  o.s.w.s.m.m.a.RequestMappingHandlerAdapter -
				Looking for @ControllerAdvice: org.springframework.boot.web.servlet.context.AnnotationConfigServletWebServerApplicationContext@618b19ad: startup date [Tue Aug 06 08:26:44 UTC 2019]; root of context hierarchy
2019-08-06 08:26:48 [main] INFO  o.s.w.s.m.m.a.ExceptionHandlerExceptionResolver -
				Detected @ExceptionHandler methods in exceptionHandlerAdvice
2019-08-06 08:26:48 [main] INFO  o.s.j.e.a.AnnotationMBeanExporter -
				Registering beans for JMX exposure on startup
2019-08-06 08:26:48 [main] INFO  o.a.coyote.http11.Http11NioProtocol -
				Starting ProtocolHandler ["http-nio-8083"]
2019-08-06 08:26:48 [main] INFO  o.a.tomcat.util.net.NioSelectorPool -
				Using a shared selector for servlet write/read
2019-08-06 08:26:48 [main] INFO  o.s.b.w.e.tomcat.TomcatWebServer -
				Tomcat started on port(s): 8083 (http) with context path ''
2019-08-06 08:26:48 [main] INFO  c.s.k.CategoryServiceApplication -
				Started CategoryServiceApplication in 4.694 seconds (JVM running for 6.298)
2019-08-06 08:37:05 [http-nio-8083-exec-1] INFO  o.a.c.c.C.[Tomcat].[localhost].[/] -
				Initializing Spring FrameworkServlet 'dispatcherServlet'
2019-08-06 08:37:05 [http-nio-8083-exec-1] INFO  o.s.web.servlet.DispatcherServlet -
				FrameworkServlet 'dispatcherServlet': initialization started
2019-08-06 08:37:05 [http-nio-8083-exec-1] INFO  o.s.web.servlet.DispatcherServlet -
				FrameworkServlet 'dispatcherServlet': initialization completed in 13 ms
2019-08-06 08:37:05 [http-nio-8083-exec-3] INFO  c.s.keepnote.jwtfilter.JwtFilter -
				test1
2019-08-06 08:37:05 [http-nio-8083-exec-3] INFO  c.s.keepnote.jwtfilter.JwtFilter -
				/api/v1/category/test1
2019-08-06 08:37:05 [http-nio-8083-exec-3] INFO  org.mongodb.driver.connection -
				Opened connection [connectionId{localValue:2, serverValue:7}] to localhost:27017
2019-08-06 08:37:11 [http-nio-8083-exec-5] INFO  c.s.keepnote.jwtfilter.JwtFilter -
				test1
2019-08-06 08:37:11 [http-nio-8083-exec-5] INFO  c.s.keepnote.jwtfilter.JwtFilter -
				/api/v1/category/test1/5d491e41154138297c3d4ef2
2019-08-06 08:37:17 [http-nio-8083-exec-6] INFO  c.s.keepnote.jwtfilter.JwtFilter -
				test1
2019-08-06 08:37:17 [http-nio-8083-exec-6] INFO  c.s.keepnote.jwtfilter.JwtFilter -
				/api/v1/category/update/5d491e41154138297c3d4ef2
2019-08-06 08:37:17 [http-nio-8083-exec-6] INFO  c.s.k.controller.CategoryController -
				calling service layer to update
2019-08-06 08:37:19 [http-nio-8083-exec-7] INFO  c.s.keepnote.jwtfilter.JwtFilter -
				test1
2019-08-06 08:37:19 [http-nio-8083-exec-7] INFO  c.s.keepnote.jwtfilter.JwtFilter -
				/api/v1/category/test1
2019-08-06 08:38:30 [http-nio-8083-exec-10] INFO  c.s.keepnote.jwtfilter.JwtFilter -
				test1
2019-08-06 08:38:30 [http-nio-8083-exec-10] INFO  c.s.keepnote.jwtfilter.JwtFilter -
				/api/v1/category/test1
2019-08-06 08:39:26 [http-nio-8083-exec-3] INFO  c.s.keepnote.jwtfilter.JwtFilter -
				test1
2019-08-06 08:39:26 [http-nio-8083-exec-3] INFO  c.s.keepnote.jwtfilter.JwtFilter -
				/api/v1/category/test1
2019-08-06 08:39:30 [http-nio-8083-exec-2] INFO  c.s.keepnote.jwtfilter.JwtFilter -
				test1
2019-08-06 08:39:30 [http-nio-8083-exec-2] INFO  c.s.keepnote.jwtfilter.JwtFilter -
				/api/v1/category/test1
2019-08-06 08:44:38 [http-nio-8083-exec-6] INFO  c.s.keepnote.jwtfilter.JwtFilter -
				test1
2019-08-06 08:44:38 [http-nio-8083-exec-6] INFO  c.s.keepnote.jwtfilter.JwtFilter -
				/api/v1/category/test1
2019-08-06 08:44:41 [http-nio-8083-exec-7] INFO  c.s.keepnote.jwtfilter.JwtFilter -
				test1
2019-08-06 08:44:41 [http-nio-8083-exec-7] INFO  c.s.keepnote.jwtfilter.JwtFilter -
				/api/v1/category/test1
2019-08-06 08:45:35 [http-nio-8083-exec-9] INFO  c.s.keepnote.jwtfilter.JwtFilter -
				test1
2019-08-06 08:45:35 [http-nio-8083-exec-9] INFO  c.s.keepnote.jwtfilter.JwtFilter -
				/api/v1/category/test1
2019-08-06 08:46:13 [http-nio-8083-exec-1] INFO  c.s.keepnote.jwtfilter.JwtFilter -
				test1
2019-08-06 08:46:13 [http-nio-8083-exec-1] INFO  c.s.keepnote.jwtfilter.JwtFilter -
				/api/v1/category/test1
2019-08-06 08:46:34 [http-nio-8083-exec-2] INFO  c.s.keepnote.jwtfilter.JwtFilter -
				test1
2019-08-06 08:46:34 [http-nio-8083-exec-2] INFO  c.s.keepnote.jwtfilter.JwtFilter -
				/api/v1/category/test1
2019-08-06 08:47:27 [http-nio-8083-exec-4] INFO  c.s.keepnote.jwtfilter.JwtFilter -
				test1
2019-08-06 08:47:27 [http-nio-8083-exec-4] INFO  c.s.keepnote.jwtfilter.JwtFilter -
				/api/v1/category/test1
2019-08-06 08:48:03 [http-nio-8083-exec-7] INFO  c.s.keepnote.jwtfilter.JwtFilter -
				test1
2019-08-06 08:48:03 [http-nio-8083-exec-7] INFO  c.s.keepnote.jwtfilter.JwtFilter -
				/api/v1/category/test1
2019-08-06 08:48:28 [http-nio-8083-exec-9] INFO  c.s.keepnote.jwtfilter.JwtFilter -
				test1
2019-08-06 08:48:28 [http-nio-8083-exec-9] INFO  c.s.keepnote.jwtfilter.JwtFilter -
				/api/v1/category/test1
2019-08-06 08:53:34 [http-nio-8083-exec-3] INFO  c.s.keepnote.jwtfilter.JwtFilter -
				test1
2019-08-06 08:53:34 [http-nio-8083-exec-3] INFO  c.s.keepnote.jwtfilter.JwtFilter -
				/api/v1/category/test1
2019-08-06 08:54:10 [http-nio-8083-exec-5] INFO  c.s.keepnote.jwtfilter.JwtFilter -
				test1
2019-08-06 08:54:10 [http-nio-8083-exec-5] INFO  c.s.keepnote.jwtfilter.JwtFilter -
				/api/v1/category/test1
2019-08-06 08:54:27 [http-nio-8083-exec-6] INFO  c.s.keepnote.jwtfilter.JwtFilter -
				test1
2019-08-06 08:54:27 [http-nio-8083-exec-6] INFO  c.s.keepnote.jwtfilter.JwtFilter -
				/api/v1/category/test1
2019-08-06 08:54:40 [http-nio-8083-exec-8] INFO  c.s.keepnote.jwtfilter.JwtFilter -
				test1
2019-08-06 08:54:40 [http-nio-8083-exec-8] INFO  c.s.keepnote.jwtfilter.JwtFilter -
				/api/v1/category/test1
2019-08-06 08:54:58 [http-nio-8083-exec-10] INFO  c.s.keepnote.jwtfilter.JwtFilter -
				test1
2019-08-06 08:54:58 [http-nio-8083-exec-10] INFO  c.s.keepnote.jwtfilter.JwtFilter -
				/api/v1/category/test1
2019-08-06 08:55:38 [http-nio-8083-exec-3] INFO  c.s.keepnote.jwtfilter.JwtFilter -
				test1
2019-08-06 08:55:38 [http-nio-8083-exec-3] INFO  c.s.keepnote.jwtfilter.JwtFilter -
				/api/v1/category/test1
2019-08-06 08:56:26 [http-nio-8083-exec-5] INFO  c.s.keepnote.jwtfilter.JwtFilter -
				test1
2019-08-06 08:56:26 [http-nio-8083-exec-5] INFO  c.s.keepnote.jwtfilter.JwtFilter -
				/api/v1/category/test1
2019-08-06 08:58:19 [http-nio-8083-exec-7] INFO  c.s.keepnote.jwtfilter.JwtFilter -
				test1
2019-08-06 08:58:19 [http-nio-8083-exec-7] INFO  c.s.keepnote.jwtfilter.JwtFilter -
				/api/v1/category/test1
2019-08-06 09:00:54 [http-nio-8083-exec-10] INFO  c.s.keepnote.jwtfilter.JwtFilter -
				test1
2019-08-06 09:00:54 [http-nio-8083-exec-10] INFO  c.s.keepnote.jwtfilter.JwtFilter -
				/api/v1/category/test1
2019-08-06 09:01:11 [http-nio-8083-exec-3] INFO  c.s.keepnote.jwtfilter.JwtFilter -
				test1
2019-08-06 09:01:11 [http-nio-8083-exec-3] INFO  c.s.keepnote.jwtfilter.JwtFilter -
				/api/v1/category/test1
2019-08-06 09:02:29 [http-nio-8083-exec-4] INFO  c.s.keepnote.jwtfilter.JwtFilter -
				test1
2019-08-06 09:02:29 [http-nio-8083-exec-4] INFO  c.s.keepnote.jwtfilter.JwtFilter -
				/api/v1/category/test1
2019-08-06 09:06:18 [http-nio-8083-exec-8] INFO  c.s.keepnote.jwtfilter.JwtFilter -
				test1
2019-08-06 09:06:18 [http-nio-8083-exec-8] INFO  c.s.keepnote.jwtfilter.JwtFilter -
				/api/v1/category/test1
2019-08-06 09:07:10 [http-nio-8083-exec-10] INFO  c.s.keepnote.jwtfilter.JwtFilter -
				test1
2019-08-06 09:07:10 [http-nio-8083-exec-10] INFO  c.s.keepnote.jwtfilter.JwtFilter -
				/api/v1/category/test1
2019-08-06 09:42:02 [http-nio-8083-exec-2] INFO  c.s.keepnote.jwtfilter.JwtFilter -
				user123
2019-08-06 09:42:02 [http-nio-8083-exec-2] INFO  c.s.keepnote.jwtfilter.JwtFilter -
				/api/v1/category/user123
2019-08-06 09:42:47 [http-nio-8083-exec-4] INFO  c.s.keepnote.jwtfilter.JwtFilter -
				user123
2019-08-06 09:42:47 [http-nio-8083-exec-4] INFO  c.s.keepnote.jwtfilter.JwtFilter -
				/api/v1/category/user123
2019-08-06 09:43:08 [http-nio-8083-exec-7] INFO  c.s.keepnote.jwtfilter.JwtFilter -
				user123
2019-08-06 09:43:08 [http-nio-8083-exec-7] INFO  c.s.keepnote.jwtfilter.JwtFilter -
				/api/v1/category
2019-08-06 09:43:08 [http-nio-8083-exec-7] INFO  c.s.k.controller.CategoryController -
				calling service layer to store
2019-08-06 09:43:12 [http-nio-8083-exec-9] INFO  c.s.keepnote.jwtfilter.JwtFilter -
				user123
2019-08-06 09:43:12 [http-nio-8083-exec-9] INFO  c.s.keepnote.jwtfilter.JwtFilter -
				/api/v1/category/user123
2019-08-06 09:43:56 [http-nio-8083-exec-1] INFO  c.s.keepnote.jwtfilter.JwtFilter -
				user123
2019-08-06 09:43:56 [http-nio-8083-exec-1] INFO  c.s.keepnote.jwtfilter.JwtFilter -
				/api/v1/category/user123
2019-08-06 09:44:37 [http-nio-8083-exec-2] INFO  c.s.keepnote.jwtfilter.JwtFilter -
				user123
2019-08-06 09:44:37 [http-nio-8083-exec-2] INFO  c.s.keepnote.jwtfilter.JwtFilter -
				/api/v1/category/user123
2019-08-06 10:48:37 [cluster-ClusterId{value='5d4939c7429e3414246882ca', description='null'}-localhost:27017] INFO  org.mongodb.driver.cluster -
				Exception in monitor thread while connecting to server localhost:27017
com.mongodb.MongoSocketOpenException: Exception opening socket
	at com.mongodb.connection.SocketStream.open(SocketStream.java:62)
	at com.mongodb.connection.InternalStreamConnection.open(InternalStreamConnection.java:126)
	at com.mongodb.connection.DefaultServerMonitor$ServerMonitorRunnable.run(DefaultServerMonitor.java:128)
	at java.lang.Thread.run(Thread.java:748)
Caused by: java.net.ConnectException: Connection refused (Connection refused)
	at java.net.PlainSocketImpl.socketConnect(Native Method)
	at java.net.AbstractPlainSocketImpl.doConnect(AbstractPlainSocketImpl.java:350)
	at java.net.AbstractPlainSocketImpl.connectToAddress(AbstractPlainSocketImpl.java:206)
	at java.net.AbstractPlainSocketImpl.connect(AbstractPlainSocketImpl.java:188)
	at java.net.SocksSocketImpl.connect(SocksSocketImpl.java:392)
	at java.net.Socket.connect(Socket.java:589)
	at com.mongodb.connection.SocketStreamHelper.initialize(SocketStreamHelper.java:59)
	at com.mongodb.connection.SocketStream.open(SocketStream.java:57)
	... 3 common frames omitted
2019-08-06 10:48:57 [cluster-ClusterId{value='5d4939c7429e3414246882ca', description='null'}-localhost:27017] INFO  org.mongodb.driver.cluster -
				Exception in monitor thread while connecting to server localhost:27017
com.mongodb.MongoSecurityException: Exception authenticating MongoCredential{mechanism=null, userName='app-root', source='userDb', password=<hidden>, mechanismProperties={}}
	at com.mongodb.connection.SaslAuthenticator.wrapException(SaslAuthenticator.java:162)
	at com.mongodb.connection.SaslAuthenticator.access$200(SaslAuthenticator.java:39)
	at com.mongodb.connection.SaslAuthenticator$1.run(SaslAuthenticator.java:68)
	at com.mongodb.connection.SaslAuthenticator$1.run(SaslAuthenticator.java:46)
	at com.mongodb.connection.SaslAuthenticator.doAsSubject(SaslAuthenticator.java:168)
	at com.mongodb.connection.SaslAuthenticator.authenticate(SaslAuthenticator.java:46)
	at com.mongodb.connection.DefaultAuthenticator.authenticate(DefaultAuthenticator.java:32)
	at com.mongodb.connection.InternalStreamConnectionInitializer.authenticateAll(InternalStreamConnectionInitializer.java:122)
	at com.mongodb.connection.InternalStreamConnectionInitializer.initialize(InternalStreamConnectionInitializer.java:52)
	at com.mongodb.connection.InternalStreamConnection.open(InternalStreamConnection.java:127)
	at com.mongodb.connection.DefaultServerMonitor$ServerMonitorRunnable.run(DefaultServerMonitor.java:114)
	at java.lang.Thread.run(Thread.java:748)
Caused by: com.mongodb.MongoCommandException: Command failed with error 18: 'Authentication failed.' on server localhost:27017. The full response is { "ok" : 0.0, "errmsg" : "Authentication failed.", "code" : 18, "codeName" : "AuthenticationFailed" }
	at com.mongodb.connection.ProtocolHelper.getCommandFailureException(ProtocolHelper.java:164)
	at com.mongodb.connection.InternalStreamConnection.receiveCommandMessageResponse(InternalStreamConnection.java:295)
	at com.mongodb.connection.InternalStreamConnection.sendAndReceive(InternalStreamConnection.java:255)
	at com.mongodb.connection.CommandHelper.sendAndReceive(CommandHelper.java:84)
	at com.mongodb.connection.CommandHelper.executeCommand(CommandHelper.java:34)
	at com.mongodb.connection.SaslAuthenticator.sendSaslStart(SaslAuthenticator.java:119)
	at com.mongodb.connection.SaslAuthenticator.access$000(SaslAuthenticator.java:39)
	at com.mongodb.connection.SaslAuthenticator$1.run(SaslAuthenticator.java:52)
	... 9 common frames omitted
2019-08-06 10:52:50 [RMI TCP Connection(2)-127.0.0.1] INFO  o.s.b.a.SpringApplicationAdminMXBeanRegistrar$SpringApplicationAdmin -
				Application shutdown requested.
2019-08-06 10:52:50 [RMI TCP Connection(2)-127.0.0.1] INFO  o.s.b.w.s.c.AnnotationConfigServletWebServerApplicationContext -
				Closing org.springframework.boot.web.servlet.context.AnnotationConfigServletWebServerApplicationContext@618b19ad: startup date [Tue Aug 06 08:26:44 UTC 2019]; root of context hierarchy
2019-08-06 10:52:50 [RMI TCP Connection(2)-127.0.0.1] INFO  o.s.j.e.a.AnnotationMBeanExporter -
				Unregistering JMX-exposed beans on shutdown
2019-08-06 10:52:50 [RMI TCP Connection(2)-127.0.0.1] INFO  org.mongodb.driver.cluster -
				No server chosen by ReadPreferenceServerSelector{readPreference=ReadPreference{name=primaryPreferred}} from cluster description ClusterDescription{type=STANDALONE, connectionMode=MULTIPLE, serverDescriptions=[ServerDescription{address=localhost:27017, type=UNKNOWN, state=CONNECTING, exception={com.mongodb.MongoSecurityException: Exception authenticating MongoCredential{mechanism=null, userName='app-root', source='userDb', password=<hidden>, mechanismProperties={}}}, caused by {com.mongodb.MongoCommandException: Command failed with error 18: 'Authentication failed.' on server localhost:27017. The full response is { "ok" : 0.0, "errmsg" : "Authentication failed.", "code" : 18, "codeName" : "AuthenticationFailed" }}}]}. Waiting for 30000 ms before timing out
2019-08-06 10:53:20 [RMI TCP Connection(2)-127.0.0.1] WARN  o.s.b.f.s.DisposableBeanAdapter -
				Invocation of destroy method 'close' failed on bean with name 'mongo': com.mongodb.MongoTimeoutException: Timed out after 30000 ms while waiting for a server that matches ReadPreferenceServerSelector{readPreference=ReadPreference{name=primaryPreferred}}. Client view of cluster state is {type=STANDALONE, servers=[{address=localhost:27017, type=UNKNOWN, state=CONNECTING, exception={com.mongodb.MongoSecurityException: Exception authenticating MongoCredential{mechanism=null, userName='app-root', source='userDb', password=<hidden>, mechanismProperties={}}}, caused by {com.mongodb.MongoCommandException: Command failed with error 18: 'Authentication failed.' on server localhost:27017. The full response is { "ok" : 0.0, "errmsg" : "Authentication failed.", "code" : 18, "codeName" : "AuthenticationFailed" }}}]
2019-08-06 10:53:20 [RMI TCP Connection(2)-127.0.0.1] INFO  org.mongodb.driver.cluster -
				No server chosen by ReadPreferenceServerSelector{readPreference=ReadPreference{name=primaryPreferred}} from cluster description ClusterDescription{type=STANDALONE, connectionMode=MULTIPLE, serverDescriptions=[ServerDescription{address=localhost:27017, type=UNKNOWN, state=CONNECTING, exception={com.mongodb.MongoSecurityException: Exception authenticating MongoCredential{mechanism=null, userName='app-root', source='userDb', password=<hidden>, mechanismProperties={}}}, caused by {com.mongodb.MongoCommandException: Command failed with error 18: 'Authentication failed.' on server localhost:27017. The full response is { "ok" : 0.0, "errmsg" : "Authentication failed.", "code" : 18, "codeName" : "AuthenticationFailed" }}}]}. Waiting for 30000 ms before timing out
2019-08-06 10:53:50 [RMI TCP Connection(2)-127.0.0.1] WARN  o.s.c.a.CommonAnnotationBeanPostProcessor -
				Invocation of destroy method failed on bean with name 'org.springframework.boot.autoconfigure.mongo.MongoAutoConfiguration': com.mongodb.MongoTimeoutException: Timed out after 30000 ms while waiting for a server that matches ReadPreferenceServerSelector{readPreference=ReadPreference{name=primaryPreferred}}. Client view of cluster state is {type=STANDALONE, servers=[{address=localhost:27017, type=UNKNOWN, state=CONNECTING, exception={com.mongodb.MongoSecurityException: Exception authenticating MongoCredential{mechanism=null, userName='app-root', source='userDb', password=<hidden>, mechanismProperties={}}}, caused by {com.mongodb.MongoCommandException: Command failed with error 18: 'Authentication failed.' on server localhost:27017. The full response is { "ok" : 0.0, "errmsg" : "Authentication failed.", "code" : 18, "codeName" : "AuthenticationFailed" }}}]
