2019-08-06 08:27:29 [main] INFO  c.s.k.ReminderServiceApplication -
				Starting ReminderServiceApplication on ip-172-31-91-238 with PID 5279 (/home/ubuntu/final_fse/KeepNote-Step7-Boilerplate/ReminderService/target/classes started by ubuntu in /home/ubuntu/final_fse/KeepNote-Step7-Boilerplate/ReminderService)
2019-08-06 08:27:29 [main] INFO  c.s.k.ReminderServiceApplication -
				No active profile set, falling back to default profiles: default
2019-08-06 08:27:29 [main] INFO  o.s.b.w.s.c.AnnotationConfigServletWebServerApplicationContext -
				Refreshing org.springframework.boot.web.servlet.context.AnnotationConfigServletWebServerApplicationContext@618b19ad: startup date [Tue Aug 06 08:27:29 UTC 2019]; root of context hierarchy
2019-08-06 08:27:30 [main] INFO  o.s.b.w.e.tomcat.TomcatWebServer -
				Tomcat initialized with port(s): 8081 (http)
2019-08-06 08:27:30 [main] INFO  o.a.coyote.http11.Http11NioProtocol -
				Initializing ProtocolHandler ["http-nio-8081"]
2019-08-06 08:27:30 [main] INFO  o.a.catalina.core.StandardService -
				Starting service [Tomcat]
2019-08-06 08:27:30 [main] INFO  o.a.catalina.core.StandardEngine -
				Starting Servlet Engine: Apache Tomcat/8.5.31
2019-08-06 08:27:30 [localhost-startStop-1] INFO  o.a.c.core.AprLifecycleListener -
				The APR based Apache Tomcat Native library which allows optimal performance in production environments was not found on the java.library.path: [/usr/java/packages/lib/amd64:/usr/lib/x86_64-linux-gnu/jni:/lib/x86_64-linux-gnu:/usr/lib/x86_64-linux-gnu:/usr/lib/jni:/lib:/usr/lib]
2019-08-06 08:27:30 [localhost-startStop-1] INFO  o.a.c.c.C.[Tomcat].[localhost].[/] -
				Initializing Spring embedded WebApplicationContext
2019-08-06 08:27:30 [localhost-startStop-1] INFO  o.s.web.context.ContextLoader -
				Root WebApplicationContext: initialization completed in 1193 ms
2019-08-06 08:27:30 [localhost-startStop-1] INFO  o.s.b.w.s.FilterRegistrationBean -
				Mapping filter: 'characterEncodingFilter' to: [/*]
2019-08-06 08:27:30 [localhost-startStop-1] INFO  o.s.b.w.s.FilterRegistrationBean -
				Mapping filter: 'hiddenHttpMethodFilter' to: [/*]
2019-08-06 08:27:30 [localhost-startStop-1] INFO  o.s.b.w.s.FilterRegistrationBean -
				Mapping filter: 'httpPutFormContentFilter' to: [/*]
2019-08-06 08:27:30 [localhost-startStop-1] INFO  o.s.b.w.s.FilterRegistrationBean -
				Mapping filter: 'requestContextFilter' to: [/*]
2019-08-06 08:27:30 [localhost-startStop-1] INFO  o.s.b.w.s.DelegatingFilterProxyRegistrationBean -
				Mapping filter: 'springSecurityFilterChain' to: [/*]
2019-08-06 08:27:30 [localhost-startStop-1] INFO  o.s.b.w.s.FilterRegistrationBean -
				Mapping filter: 'jwtFilter' to urls: [/*]
2019-08-06 08:27:30 [localhost-startStop-1] INFO  o.s.b.w.s.ServletRegistrationBean -
				Servlet dispatcherServlet mapped to [/]
2019-08-06 08:27:30 [main] INFO  org.mongodb.driver.cluster -
				Cluster created with settings {hosts=[localhost:27017], mode=MULTIPLE, requiredClusterType=UNKNOWN, serverSelectionTimeout='30000 ms', maxWaitQueueSize=500}
2019-08-06 08:27:30 [main] INFO  org.mongodb.driver.cluster -
				Adding discovered server localhost:27017 to client view of cluster
2019-08-06 08:27:31 [cluster-ClusterId{value='5d4939f2429e34149fd7e7fc', description='null'}-localhost:27017] INFO  org.mongodb.driver.connection -
				Opened connection [connectionId{localValue:1, serverValue:3}] to localhost:27017
2019-08-06 08:27:31 [cluster-ClusterId{value='5d4939f2429e34149fd7e7fc', description='null'}-localhost:27017] INFO  org.mongodb.driver.cluster -
				Monitor thread successfully connected to server with description ServerDescription{address=localhost:27017, type=STANDALONE, state=CONNECTED, ok=true, version=ServerVersion{versionList=[3, 6, 2]}, minWireVersion=0, maxWireVersion=6, maxDocumentSize=16777216, logicalSessionTimeoutMinutes=30, roundTripTimeNanos=8939092}
2019-08-06 08:27:31 [cluster-ClusterId{value='5d4939f2429e34149fd7e7fc', description='null'}-localhost:27017] INFO  org.mongodb.driver.cluster -
				Discovered cluster type of STANDALONE
2019-08-06 08:27:31 [main] INFO  o.s.b.a.s.s.UserDetailsServiceAutoConfiguration -
				

Using generated security password: c31c7369-fea6-4e70-ba88-f60ca3e9cab8

2019-08-06 08:27:31 [main] INFO  o.s.w.s.h.SimpleUrlHandlerMapping -
				Mapped URL path [/**/favicon.ico] onto handler of type [class org.springframework.web.servlet.resource.ResourceHttpRequestHandler]
2019-08-06 08:27:31 [main] INFO  o.s.w.s.m.m.a.RequestMappingHandlerMapping -
				Mapped "{[/api/v1/reminder/update/{reminderId}],methods=[POST],consumes=[application/json],produces=[application/json]}" onto public com.stackroute.keepnote.model.Reminder com.stackroute.keepnote.controller.ReminderController.updateReminder(com.stackroute.keepnote.model.Reminder,java.lang.String) throws com.stackroute.keepnote.exception.ReminderNotFoundException
2019-08-06 08:27:31 [main] INFO  o.s.w.s.m.m.a.RequestMappingHandlerMapping -
				Mapped "{[/api/v1/reminder/{userId}/{reminderId}],methods=[GET],consumes=[application/json],produces=[application/json]}" onto public com.stackroute.keepnote.model.Reminder com.stackroute.keepnote.controller.ReminderController.getReminderById(java.lang.String,java.lang.String) throws com.stackroute.keepnote.exception.ReminderNotFoundException
2019-08-06 08:27:31 [main] INFO  o.s.w.s.m.m.a.RequestMappingHandlerMapping -
				Mapped "{[/api/v1/reminder/{userId}],methods=[GET],consumes=[application/json],produces=[application/json]}" onto public java.util.List<com.stackroute.keepnote.model.Reminder> com.stackroute.keepnote.controller.ReminderController.getAllRemindersByUserId(java.lang.String) throws com.stackroute.keepnote.exception.ReminderNotFoundException
2019-08-06 08:27:31 [main] INFO  o.s.w.s.m.m.a.RequestMappingHandlerMapping -
				Mapped "{[/api/v1/reminder],methods=[POST],consumes=[application/json],produces=[application/json]}" onto public com.stackroute.keepnote.model.Reminder com.stackroute.keepnote.controller.ReminderController.createReminder(com.stackroute.keepnote.model.Reminder) throws com.stackroute.keepnote.exception.ReminderNotCreatedException
2019-08-06 08:27:31 [main] INFO  o.s.w.s.m.m.a.RequestMappingHandlerMapping -
				Mapped "{[/api/v1/reminder/delete/{reminderId}],methods=[GET],consumes=[application/json],produces=[application/json]}" onto public java.lang.String com.stackroute.keepnote.controller.ReminderController.deleteReminder(java.lang.String) throws com.stackroute.keepnote.exception.ReminderNotFoundException
2019-08-06 08:27:31 [main] INFO  o.s.w.s.m.m.a.RequestMappingHandlerMapping -
				Mapped "{[/error],produces=[text/html]}" onto public org.springframework.web.servlet.ModelAndView org.springframework.boot.autoconfigure.web.servlet.error.BasicErrorController.errorHtml(javax.servlet.http.HttpServletRequest,javax.servlet.http.HttpServletResponse)
2019-08-06 08:27:31 [main] INFO  o.s.w.s.m.m.a.RequestMappingHandlerMapping -
				Mapped "{[/error]}" onto public org.springframework.http.ResponseEntity<java.util.Map<java.lang.String, java.lang.Object>> org.springframework.boot.autoconfigure.web.servlet.error.BasicErrorController.error(javax.servlet.http.HttpServletRequest)
2019-08-06 08:27:31 [main] INFO  o.s.w.s.h.SimpleUrlHandlerMapping -
				Mapped URL path [/webjars/**] onto handler of type [class org.springframework.web.servlet.resource.ResourceHttpRequestHandler]
2019-08-06 08:27:31 [main] INFO  o.s.w.s.h.SimpleUrlHandlerMapping -
				Mapped URL path [/**] onto handler of type [class org.springframework.web.servlet.resource.ResourceHttpRequestHandler]
2019-08-06 08:27:31 [main] INFO  o.s.s.web.DefaultSecurityFilterChain -
				Creating filter chain: org.springframework.security.web.util.matcher.AnyRequestMatcher@1, [org.springframework.security.web.context.request.async.WebAsyncManagerIntegrationFilter@360bc645, org.springframework.security.web.context.SecurityContextPersistenceFilter@8f2098e, org.springframework.security.web.header.HeaderWriterFilter@42714a7, org.springframework.web.filter.CorsFilter@4edef76c, org.springframework.security.web.authentication.logout.LogoutFilter@7ca8d498, org.springframework.security.web.savedrequest.RequestCacheAwareFilter@55a88417, org.springframework.security.web.servletapi.SecurityContextHolderAwareRequestFilter@3cbf1ba4, org.springframework.security.web.authentication.AnonymousAuthenticationFilter@5d51e129, org.springframework.security.web.session.SessionManagementFilter@1daf3b44, org.springframework.security.web.access.ExceptionTranslationFilter@3936df72, org.springframework.security.web.access.intercept.FilterSecurityInterceptor@608bc8f8]
2019-08-06 08:27:31 [main] INFO  o.s.w.s.m.m.a.RequestMappingHandlerAdapter -
				Looking for @ControllerAdvice: org.springframework.boot.web.servlet.context.AnnotationConfigServletWebServerApplicationContext@618b19ad: startup date [Tue Aug 06 08:27:29 UTC 2019]; root of context hierarchy
2019-08-06 08:27:31 [main] INFO  o.s.w.s.m.m.a.ExceptionHandlerExceptionResolver -
				Detected @ExceptionHandler methods in exceptionHandlerAdvice
2019-08-06 08:27:32 [main] INFO  o.s.j.e.a.AnnotationMBeanExporter -
				Registering beans for JMX exposure on startup
2019-08-06 08:27:32 [main] INFO  o.a.coyote.http11.Http11NioProtocol -
				Starting ProtocolHandler ["http-nio-8081"]
2019-08-06 08:27:32 [main] INFO  o.a.tomcat.util.net.NioSelectorPool -
				Using a shared selector for servlet write/read
2019-08-06 08:27:32 [main] INFO  o.s.b.w.e.tomcat.TomcatWebServer -
				Tomcat started on port(s): 8081 (http) with context path ''
2019-08-06 08:27:32 [main] INFO  c.s.k.ReminderServiceApplication -
				Started ReminderServiceApplication in 3.544 seconds (JVM running for 4.086)
2019-08-06 08:43:29 [http-nio-8081-exec-1] INFO  o.a.c.c.C.[Tomcat].[localhost].[/] -
				Initializing Spring FrameworkServlet 'dispatcherServlet'
2019-08-06 08:43:29 [http-nio-8081-exec-1] INFO  o.s.web.servlet.DispatcherServlet -
				FrameworkServlet 'dispatcherServlet': initialization started
2019-08-06 08:43:29 [http-nio-8081-exec-1] INFO  o.s.web.servlet.DispatcherServlet -
				FrameworkServlet 'dispatcherServlet': initialization completed in 12 ms
2019-08-06 08:43:29 [http-nio-8081-exec-2] INFO  c.s.keepnote.jwtfilter.JwtFilter -
				test1
2019-08-06 08:43:29 [http-nio-8081-exec-2] INFO  c.s.keepnote.jwtfilter.JwtFilter -
				/api/v1/reminder/test1
2019-08-06 08:43:29 [http-nio-8081-exec-2] INFO  org.mongodb.driver.connection -
				Opened connection [connectionId{localValue:2, serverValue:8}] to localhost:27017
2019-08-06 08:44:35 [http-nio-8081-exec-5] INFO  c.s.keepnote.jwtfilter.JwtFilter -
				test1
2019-08-06 08:44:35 [http-nio-8081-exec-5] INFO  c.s.keepnote.jwtfilter.JwtFilter -
				/api/v1/reminder/test1
2019-08-06 08:48:47 [http-nio-8081-exec-8] INFO  c.s.keepnote.jwtfilter.JwtFilter -
				test1
2019-08-06 08:48:47 [http-nio-8081-exec-8] INFO  c.s.keepnote.jwtfilter.JwtFilter -
				/api/v1/reminder/test1
2019-08-06 08:48:52 [http-nio-8081-exec-9] INFO  c.s.keepnote.jwtfilter.JwtFilter -
				test1
2019-08-06 08:48:52 [http-nio-8081-exec-9] INFO  c.s.keepnote.jwtfilter.JwtFilter -
				/api/v1/reminder/test1/5d491c261541382876d70c1c
2019-08-06 08:48:58 [http-nio-8081-exec-2] INFO  c.s.keepnote.jwtfilter.JwtFilter -
				test1
2019-08-06 08:48:58 [http-nio-8081-exec-2] INFO  c.s.keepnote.jwtfilter.JwtFilter -
				/api/v1/reminder/update/5d491c261541382876d70c1c
2019-08-06 08:48:58 [http-nio-8081-exec-2] INFO  c.s.k.controller.ReminderController -
				calling service layer to update
2019-08-06 08:48:59 [http-nio-8081-exec-4] INFO  c.s.keepnote.jwtfilter.JwtFilter -
				test1
2019-08-06 08:48:59 [http-nio-8081-exec-4] INFO  c.s.keepnote.jwtfilter.JwtFilter -
				/api/v1/reminder/test1
2019-08-06 08:53:32 [http-nio-8081-exec-7] INFO  c.s.keepnote.jwtfilter.JwtFilter -
				test1
2019-08-06 08:53:32 [http-nio-8081-exec-7] INFO  c.s.keepnote.jwtfilter.JwtFilter -
				/api/v1/reminder/test1
2019-08-06 08:56:29 [http-nio-8081-exec-9] INFO  c.s.keepnote.jwtfilter.JwtFilter -
				test1
2019-08-06 08:56:29 [http-nio-8081-exec-9] INFO  c.s.keepnote.jwtfilter.JwtFilter -
				/api/v1/reminder/test1
2019-08-06 09:06:31 [http-nio-8081-exec-3] INFO  c.s.keepnote.jwtfilter.JwtFilter -
				test1
2019-08-06 09:06:31 [http-nio-8081-exec-3] INFO  c.s.keepnote.jwtfilter.JwtFilter -
				/api/v1/reminder/test1
2019-08-06 09:06:56 [http-nio-8081-exec-5] INFO  c.s.keepnote.jwtfilter.JwtFilter -
				test1
2019-08-06 09:06:56 [http-nio-8081-exec-5] INFO  c.s.keepnote.jwtfilter.JwtFilter -
				/api/v1/reminder/test1
2019-08-06 09:07:07 [http-nio-8081-exec-7] INFO  c.s.keepnote.jwtfilter.JwtFilter -
				test1
2019-08-06 09:07:07 [http-nio-8081-exec-7] INFO  c.s.keepnote.jwtfilter.JwtFilter -
				/api/v1/reminder/test1
2019-08-06 09:42:02 [http-nio-8081-exec-9] INFO  c.s.keepnote.jwtfilter.JwtFilter -
				user123
2019-08-06 09:42:02 [http-nio-8081-exec-9] INFO  c.s.keepnote.jwtfilter.JwtFilter -
				/api/v1/reminder/user123
2019-08-06 09:43:20 [http-nio-8081-exec-3] INFO  c.s.keepnote.jwtfilter.JwtFilter -
				user123
2019-08-06 09:43:20 [http-nio-8081-exec-3] INFO  c.s.keepnote.jwtfilter.JwtFilter -
				/api/v1/reminder/user123
2019-08-06 09:43:47 [http-nio-8081-exec-5] INFO  c.s.keepnote.jwtfilter.JwtFilter -
				user123
2019-08-06 09:43:47 [http-nio-8081-exec-5] INFO  c.s.keepnote.jwtfilter.JwtFilter -
				/api/v1/reminder
2019-08-06 09:43:47 [http-nio-8081-exec-5] INFO  c.s.k.controller.ReminderController -
				calling service layer to store
2019-08-06 09:43:49 [http-nio-8081-exec-7] INFO  c.s.keepnote.jwtfilter.JwtFilter -
				user123
2019-08-06 09:43:49 [http-nio-8081-exec-7] INFO  c.s.keepnote.jwtfilter.JwtFilter -
				/api/v1/reminder/user123
2019-08-06 09:43:56 [http-nio-8081-exec-10] INFO  c.s.keepnote.jwtfilter.JwtFilter -
				user123
2019-08-06 09:43:56 [http-nio-8081-exec-10] INFO  c.s.keepnote.jwtfilter.JwtFilter -
				/api/v1/reminder/user123
2019-08-06 09:44:37 [http-nio-8081-exec-1] INFO  c.s.keepnote.jwtfilter.JwtFilter -
				user123
2019-08-06 09:44:37 [http-nio-8081-exec-1] INFO  c.s.keepnote.jwtfilter.JwtFilter -
				/api/v1/reminder/user123
2019-08-06 09:45:19 [http-nio-8081-exec-3] INFO  c.s.keepnote.jwtfilter.JwtFilter -
				user123
2019-08-06 09:45:19 [http-nio-8081-exec-3] INFO  c.s.keepnote.jwtfilter.JwtFilter -
				/api/v1/reminder/user123
2019-08-06 10:48:41 [cluster-ClusterId{value='5d4939f2429e34149fd7e7fc', description='null'}-localhost:27017] INFO  org.mongodb.driver.cluster -
				Exception in monitor thread while connecting to server localhost:27017
com.mongodb.MongoSocketOpenException: Exception opening socket
	at com.mongodb.connection.SocketStream.open(SocketStream.java:62)
	at com.mongodb.connection.InternalStreamConnection.open(InternalStreamConnection.java:126)
	at com.mongodb.connection.DefaultServerMonitor$ServerMonitorRunnable.run(DefaultServerMonitor.java:128)
	at java.lang.Thread.run(Thread.java:748)
Caused by: java.net.ConnectException: Connection refused (Connection refused)
	at java.net.PlainSocketImpl.socketConnect(Native Method)
	at java.net.AbstractPlainSocketImpl.doConnect(AbstractPlainSocketImpl.java:350)
	at java.net.AbstractPlainSocketImpl.connectToAddress(AbstractPlainSocketImpl.java:206)
	at java.net.AbstractPlainSocketImpl.connect(AbstractPlainSocketImpl.java:188)
	at java.net.SocksSocketImpl.connect(SocksSocketImpl.java:392)
	at java.net.Socket.connect(Socket.java:589)
	at com.mongodb.connection.SocketStreamHelper.initialize(SocketStreamHelper.java:59)
	at com.mongodb.connection.SocketStream.open(SocketStream.java:57)
	... 3 common frames omitted
2019-08-06 10:48:52 [cluster-ClusterId{value='5d4939f2429e34149fd7e7fc', description='null'}-localhost:27017] INFO  org.mongodb.driver.cluster -
				Exception in monitor thread while connecting to server localhost:27017
com.mongodb.MongoSocketReadException: Exception receiving message
	at com.mongodb.connection.InternalStreamConnection.translateReadException(InternalStreamConnection.java:536)
	at com.mongodb.connection.InternalStreamConnection.receiveMessage(InternalStreamConnection.java:421)
	at com.mongodb.connection.InternalStreamConnection.receiveCommandMessageResponse(InternalStreamConnection.java:290)
	at com.mongodb.connection.InternalStreamConnection.sendAndReceive(InternalStreamConnection.java:255)
	at com.mongodb.connection.CommandHelper.sendAndReceive(CommandHelper.java:84)
	at com.mongodb.connection.CommandHelper.executeCommand(CommandHelper.java:34)
	at com.mongodb.connection.InternalStreamConnectionInitializer.initializeConnectionDescription(InternalStreamConnectionInitializer.java:91)
	at com.mongodb.connection.InternalStreamConnectionInitializer.initialize(InternalStreamConnectionInitializer.java:51)
	at com.mongodb.connection.InternalStreamConnection.open(InternalStreamConnection.java:127)
	at com.mongodb.connection.DefaultServerMonitor$ServerMonitorRunnable.run(DefaultServerMonitor.java:114)
	at java.lang.Thread.run(Thread.java:748)
Caused by: java.net.SocketException: Connection reset
	at java.net.SocketInputStream.read(SocketInputStream.java:210)
	at java.net.SocketInputStream.read(SocketInputStream.java:141)
	at com.mongodb.connection.SocketStream.read(SocketStream.java:84)
	at com.mongodb.connection.InternalStreamConnection.receiveResponseBuffers(InternalStreamConnection.java:547)
	at com.mongodb.connection.InternalStreamConnection.receiveMessage(InternalStreamConnection.java:418)
	... 9 common frames omitted
2019-08-06 10:49:02 [cluster-ClusterId{value='5d4939f2429e34149fd7e7fc', description='null'}-localhost:27017] INFO  org.mongodb.driver.cluster -
				Exception in monitor thread while connecting to server localhost:27017
com.mongodb.MongoSecurityException: Exception authenticating MongoCredential{mechanism=null, userName='app-root', source='userDb', password=<hidden>, mechanismProperties={}}
	at com.mongodb.connection.SaslAuthenticator.wrapException(SaslAuthenticator.java:162)
	at com.mongodb.connection.SaslAuthenticator.access$200(SaslAuthenticator.java:39)
	at com.mongodb.connection.SaslAuthenticator$1.run(SaslAuthenticator.java:68)
	at com.mongodb.connection.SaslAuthenticator$1.run(SaslAuthenticator.java:46)
	at com.mongodb.connection.SaslAuthenticator.doAsSubject(SaslAuthenticator.java:168)
	at com.mongodb.connection.SaslAuthenticator.authenticate(SaslAuthenticator.java:46)
	at com.mongodb.connection.DefaultAuthenticator.authenticate(DefaultAuthenticator.java:32)
	at com.mongodb.connection.InternalStreamConnectionInitializer.authenticateAll(InternalStreamConnectionInitializer.java:122)
	at com.mongodb.connection.InternalStreamConnectionInitializer.initialize(InternalStreamConnectionInitializer.java:52)
	at com.mongodb.connection.InternalStreamConnection.open(InternalStreamConnection.java:127)
	at com.mongodb.connection.DefaultServerMonitor$ServerMonitorRunnable.run(DefaultServerMonitor.java:114)
	at java.lang.Thread.run(Thread.java:748)
Caused by: com.mongodb.MongoCommandException: Command failed with error 18: 'Authentication failed.' on server localhost:27017. The full response is { "ok" : 0.0, "errmsg" : "Authentication failed.", "code" : 18, "codeName" : "AuthenticationFailed" }
	at com.mongodb.connection.ProtocolHelper.getCommandFailureException(ProtocolHelper.java:164)
	at com.mongodb.connection.InternalStreamConnection.receiveCommandMessageResponse(InternalStreamConnection.java:295)
	at com.mongodb.connection.InternalStreamConnection.sendAndReceive(InternalStreamConnection.java:255)
	at com.mongodb.connection.CommandHelper.sendAndReceive(CommandHelper.java:84)
	at com.mongodb.connection.CommandHelper.executeCommand(CommandHelper.java:34)
	at com.mongodb.connection.SaslAuthenticator.sendSaslStart(SaslAuthenticator.java:119)
	at com.mongodb.connection.SaslAuthenticator.access$000(SaslAuthenticator.java:39)
	at com.mongodb.connection.SaslAuthenticator$1.run(SaslAuthenticator.java:52)
	... 9 common frames omitted
2019-08-06 10:50:39 [RMI TCP Connection(2)-127.0.0.1] INFO  o.s.b.a.SpringApplicationAdminMXBeanRegistrar$SpringApplicationAdmin -
				Application shutdown requested.
2019-08-06 10:50:39 [RMI TCP Connection(2)-127.0.0.1] INFO  o.s.b.w.s.c.AnnotationConfigServletWebServerApplicationContext -
				Closing org.springframework.boot.web.servlet.context.AnnotationConfigServletWebServerApplicationContext@618b19ad: startup date [Tue Aug 06 08:27:29 UTC 2019]; root of context hierarchy
2019-08-06 10:50:39 [RMI TCP Connection(2)-127.0.0.1] INFO  o.s.j.e.a.AnnotationMBeanExporter -
				Unregistering JMX-exposed beans on shutdown
2019-08-06 10:50:39 [RMI TCP Connection(2)-127.0.0.1] INFO  org.mongodb.driver.cluster -
				No server chosen by ReadPreferenceServerSelector{readPreference=ReadPreference{name=primaryPreferred}} from cluster description ClusterDescription{type=STANDALONE, connectionMode=MULTIPLE, serverDescriptions=[ServerDescription{address=localhost:27017, type=UNKNOWN, state=CONNECTING, exception={com.mongodb.MongoSecurityException: Exception authenticating MongoCredential{mechanism=null, userName='app-root', source='userDb', password=<hidden>, mechanismProperties={}}}, caused by {com.mongodb.MongoCommandException: Command failed with error 18: 'Authentication failed.' on server localhost:27017. The full response is { "ok" : 0.0, "errmsg" : "Authentication failed.", "code" : 18, "codeName" : "AuthenticationFailed" }}}]}. Waiting for 30000 ms before timing out
2019-08-06 10:51:09 [RMI TCP Connection(2)-127.0.0.1] WARN  o.s.b.f.s.DisposableBeanAdapter -
				Invocation of destroy method 'close' failed on bean with name 'mongo': com.mongodb.MongoTimeoutException: Timed out after 30000 ms while waiting for a server that matches ReadPreferenceServerSelector{readPreference=ReadPreference{name=primaryPreferred}}. Client view of cluster state is {type=STANDALONE, servers=[{address=localhost:27017, type=UNKNOWN, state=CONNECTING, exception={com.mongodb.MongoSecurityException: Exception authenticating MongoCredential{mechanism=null, userName='app-root', source='userDb', password=<hidden>, mechanismProperties={}}}, caused by {com.mongodb.MongoCommandException: Command failed with error 18: 'Authentication failed.' on server localhost:27017. The full response is { "ok" : 0.0, "errmsg" : "Authentication failed.", "code" : 18, "codeName" : "AuthenticationFailed" }}}]
2019-08-06 10:51:09 [RMI TCP Connection(2)-127.0.0.1] INFO  org.mongodb.driver.cluster -
				No server chosen by ReadPreferenceServerSelector{readPreference=ReadPreference{name=primaryPreferred}} from cluster description ClusterDescription{type=STANDALONE, connectionMode=MULTIPLE, serverDescriptions=[ServerDescription{address=localhost:27017, type=UNKNOWN, state=CONNECTING, exception={com.mongodb.MongoSecurityException: Exception authenticating MongoCredential{mechanism=null, userName='app-root', source='userDb', password=<hidden>, mechanismProperties={}}}, caused by {com.mongodb.MongoCommandException: Command failed with error 18: 'Authentication failed.' on server localhost:27017. The full response is { "ok" : 0.0, "errmsg" : "Authentication failed.", "code" : 18, "codeName" : "AuthenticationFailed" }}}]}. Waiting for 30000 ms before timing out
2019-08-06 10:51:39 [RMI TCP Connection(2)-127.0.0.1] WARN  o.s.c.a.CommonAnnotationBeanPostProcessor -
				Invocation of destroy method failed on bean with name 'org.springframework.boot.autoconfigure.mongo.MongoAutoConfiguration': com.mongodb.MongoTimeoutException: Timed out after 30000 ms while waiting for a server that matches ReadPreferenceServerSelector{readPreference=ReadPreference{name=primaryPreferred}}. Client view of cluster state is {type=STANDALONE, servers=[{address=localhost:27017, type=UNKNOWN, state=CONNECTING, exception={com.mongodb.MongoSecurityException: Exception authenticating MongoCredential{mechanism=null, userName='app-root', source='userDb', password=<hidden>, mechanismProperties={}}}, caused by {com.mongodb.MongoCommandException: Command failed with error 18: 'Authentication failed.' on server localhost:27017. The full response is { "ok" : 0.0, "errmsg" : "Authentication failed.", "code" : 18, "codeName" : "AuthenticationFailed" }}}]
